{
  "Region": [
    {
      "id": 1,
      "regionName": "East Coast"
    },
    {
      "id": 2,
      "regionName": "West Coast"
    },
    {
      "id": 3,
      "regionName": "Midwest"
    }
  ],
  "Branch": [
    {
      "branchId": 1,
      "branchName": "Main Branch",
      "regionId": 1
    },
    {
      "branchId": 2,
      "branchName": "Downtown Branch",
      "regionId": 1
    },
    {
      "branchId": 3,
      "branchName": "West Coast Headquarters",
      "regionId": 2
    },
    {
      "branchId": 4,
      "branchName": "Chicago Office",
      "regionId": 3
    },
    {
      "branchId": 5,
      "branchName": "University Branch",
      "regionId": 2
    }
  ],
  "Group": [
    {
      "groupId": 1,
      "groupName": "Hardware Issues",
      "groupDescription": "ATMs in this group are experiencing various hardware malfunctions, impacting user experience and potentially causing service outages. Common issues include cash dispenser jams, card reader errors, and receipt printer malfunctions.",
      "groupType": "Dynamic"
    },
    {
      "groupId": 2,
      "groupName": "Network Connectivity Issues",
      "groupDescription": "ATMs in this group are unable to communicate with the central network due to various connectivity problems. This hinders transactions and might cause service outages for users. Potential causes include network outages at the provider's end, issues with the ATM's network card, or firewall configurations blocking communication.",
      "groupType": "Dynamic"
    },
    {
      "groupId": 3,
      "groupName": "Software Glitches",
      "groupDescription": "ATMs in this group are exhibiting software-related issues, leading to unexpected behavior, system crashes, or specific functionalities being unavailable. These issues might require software updates or patches to resolve.",
      "groupType": "Dynamic"
    },
    {
      "groupId": 4,
      "groupName": "Environmental Sensor Alerts",
      "groupDescription": "ATMs in this group have reported sensor readings exceeding recommended thresholds. While not causing immediate service outages, these alerts require investigation to prevent potential hardware damage or malfunctioning due to extreme temperatures, humidity, or other environmental factors.",
      "groupType": "Dynamic"
    }
  ],
  "Device": [
    {
          "deviceId": 1,
          "deviceModel": "Cash Dispenser 5000",
          "deviceManufacturer": "Acme Corporation",
          "deviceSerialNumber": "ACME-CD5000-12345"
        },
        {
          "deviceId": 2,
          "deviceModel": "Card Reader CR-700",
          "deviceManufacturer": "GlobalTech",
          "deviceSerialNumber": "GT-CR700-54321"
        },
        {
          "deviceId": 3,
          "deviceModel": "Receipt Printer RP-200",
          "deviceManufacturer": "ValuePrint",
          "deviceSerialNumber": "VP-RP200-98765"
        },
        {
          "deviceId": 4,
          "deviceModel": "Cash Acceptor CA-3000",
          "deviceManufacturer": "SecureCash",
          "deviceSerialNumber": "SC-CA3000-01234"
        },
        {
          "deviceId": 5,
          "deviceModel": "Fingerprint Scanner FS-1000",
          "deviceManufacturer": "BioTech Security",
          "deviceSerialNumber": "BTS-FS1000-33456"
        },
        {
          "deviceId": 6,
          "deviceModel": "Touchscreen Display TS-500",
          "deviceManufacturer": "EasyTouch Solutions",
          "deviceSerialNumber": "ETS-TS500-78945"
        },
        {
          "deviceId": 7,
          "deviceModel": "PIN Pad PP-200 (older model)",
          "deviceManufacturer": "Legacy Systems",
          "deviceSerialNumber": "LS-PP200-12345"
        },
        {
          "deviceId": 8,
          "deviceModel": "Cash Dispenser HD-8000 (high-capacity)",
          "deviceManufacturer": "SecureCash",
          "deviceSerialNumber": "SC-HD8000-56789"
        },
        {
          "deviceId": 9,
          "deviceModel": "Card Reader CR-800 (contactless)",
          "deviceManufacturer": "GlobalTech", 
          "deviceSerialNumber": "GT-CR800-90123"
          },
          {
          "deviceId": 10,
          "deviceModel": "Thermal Camera TC-2000 (environmental monitoring)",
          "deviceManufacturer": "EnviroTech",
          "deviceSerialNumber": "ET-TC2000-45678"
          },
          {
          "deviceId": 11,
          "deviceModel": "Voice Guidance Module VG-100",
          "deviceManufacturer": "Accessibility Solutions",
          "deviceSerialNumber": "AS-VG100-78901"
          }
      ],
    "ATM": [
      {
        "atmId": 1,
        "atmName": "ATM 1 - Main Branch",
        "networkAddress": "192.168.1.10",
        "latitude": 34.05223,
        "longitude": -118.24368,
        "timezone": "2024-03-05T12:00:00Z",
        "subnet": "255.255.255.0",
        "branchId": 1,
        "groupId": 1,
        "status": "Online",
        "cash_level": 10000.00,
        "last_cash_replenishment": "2024-02-22T10:00:00Z",
        "software_version": "v1.2.3",
        "uptime": 36000
      },
      {
        "atmId": 2,
        "atmName": "ATM 2 - City Center",
        "networkAddress": "192.168.2.20",
        "latitude": 34.06862,
        "longitude": -118.33524,
        "timezone": "2024-03-05T12:00:00Z",
        "subnet": "255.255.255.0",
        "branchId": 2,
        "groupId": 2,
        "status": "Offline",
        "cash_level": 5000.00,
        "last_cash_replenishment": "2024-02-15T09:00:00Z",
        "software_version": "v1.1.5",
        "uptime": 0
      },
      {
        "atmId": 3,
        "atmName": "ATM 3 - Airport",
        "networkAddress": "172.16.0.30",
        "latitude": 34.04167,
        "longitude": -118.24368,
        "timezone": "2024-03-05T12:00:00Z",
        "subnet": "255.255.0.0",
        "branchId": 3,
        "groupId": 1,
        "status": "Under Maintenance",
        "cash_level": 7500.00,
        "last_cash_replenishment": "2024-03-04T15:00:00Z",
        "software_version": "v1.2.1",
        "uptime": 14400
      },
      {
        "atmId": 4,
        "atmName": "ATM 4 - University Branch",
        "networkAddress": "10.0.1.10",
        "latitude": 34.06528,
        "longitude": -118.24368,
        "timezone": "2024-03-05T12:00:00Z",
        "subnet": "255.255.255.0",
        "branchId": 5,
        "groupId": 3,
        "status": "Online",
        "cash_level": 8000.00,
        "last_cash_replenishment": "2024-02-29T14:00:00Z",
        "software_version": "v1.3.0",
        "uptime": 86400 
      },
      {
        "atmId": 5,
        "atmName": "ATM 5 - East Branch",
        "networkAddress": "192.168.3.30",
        "latitude": 34.08118,
        "longitude": -118.29073,
        "timezone": "2024-03-05T12:00:00Z",
        "subnet": "255.255.255.0",
        "branchId": 2,
        "groupId": 4,
        "status": "Online",
        "cash_level": 6000.00,
        "last_cash_replenishment": "2024-03-02T16:00:00Z",
        "software_version": "v1.1.7",
        "uptime": 36000
      },
      {
        "atmId": 6,
        "atmName": "ATM 6 - Shopping Mall",
        "networkAddress": "172.16.1.50",
        "latitude": 34.05820,
        "longitude": -118.25860,
        "timezone": "2024-03-05T12:00:00Z",
        "subnet": "255.255.0.0",
        "branchId": 1,
        "groupId": 2,
        "status": "Offline",
        "cash_level": 4000.00,
        "last_cash_replenishment": "2024-02-20T12:00:00Z",
        "software_version": "v1.2.2",
        "uptime": 0
      },
      {
        "atmId": 7,
        "atmName": "ATM 7 - Hospital",
        "networkAddress": "10.10.1.20",
        "latitude": 34.07416,
        "longitude": -118.31322,
        "timezone": "2024-03-05T12:00:00Z",
        "subnet": "255.255.255.0",
        "branchId": 4,
        "groupId": 3,
        "status": "Under Maintenance",
        "cash_level": 9000.00,
        "last_cash_replenishment": "2024-03-01T10:00:00Z",
        "software_version": "v1.3.1",
        "uptime": 28800
      }
    ],
    "AtmDevice":[
      {
        "atmId": 4,
        "deviceId": 6,
        "deviceStatus": "Operational"
      },
      {
        "atmId": 1,
        "deviceId": 3,
        "deviceStatus": "Operational"
      },
      {
        "atmId": 5,
        "deviceId": 8,
        "deviceStatus": "Faulty"
      },
      {
        "atmId": 2,
        "deviceId": 4,
        "deviceStatus": "Under Maintenance"
      },
      {
        "atmId": 3,
        "deviceId": 5,
        "deviceStatus": "Faulty"
      },
      {
        "atmId": 1,
        "deviceId": 2,
        "deviceStatus": "Under Maintenance"
      },
      {
        "atmId": 6,
        "deviceId": 10,
        "deviceStatus": "Under Maintenance"
      },
      {
        "atmId": 5,
        "deviceId": 9,
        "deviceStatus": "Operational"
      },
      {
        "atmId": 1,
        "deviceId": 1,
        "deviceStatus": "Operational"
      },
      {
        "atmId": 4,
        "deviceId": 7,
        "deviceStatus": "Under Maintenance"
      },
      {
        "atmId": 2,
        "deviceId": 1,
        "deviceStatus": "Operational"
      },
      {
        "atmId": 6,
        "deviceId": 11,
        "deviceStatus": "Operational"
      },
      {
        "atmId": 3,
        "deviceId": 1,
        "deviceStatus": "Operational"
      }
    ],
    "ElectronicJournal": [
      {
        "ejId": 1,
        "ejData": "Network interface card (NIC) rebooted due to unresponsive state.",
        "atmId": 1,
        "timestamp": "2024-03-05T10:15:00Z"
      },
      {
        "ejId": 2,
        "ejData": "Software update v1.2.4 downloaded and installed successfully. Reboot initiated.",
        "atmId": 2,
        "timestamp": "2024-03-05T12:00:00Z"
      },
      {
        "ejId": 3,
        "ejData": "Disk space usage threshold exceeded (95%). Initiated disk cleanup procedures.",
        "atmId": 3,
        "timestamp": "2024-03-05T08:30:00Z"
      },
      {
        "ejId": 4,
        "ejData": "Cash dispenser motor detected overheating. Disabling cash dispense functionality until further investigation.",
        "atmId": 4,
        "timestamp": "2024-03-05T14:22:00Z"
      },
      {
        "ejId": 5,
        "ejData": "Receipt printer low on paper (20% remaining). Sending alert for paper refill.",
        "atmId": 5,
        "timestamp": "2024-03-05T16:05:00Z"
      },
      {
        "ejId": 6,
        "ejData": "Application error encountered (code: ABC123). Restarting application service.",
        "atmId": 6,
        "timestamp": "2024-03-05T13:40:00Z"
      },
      {
        "ejId": 7,
        "ejData": "ATM communication lost (ping timeout). Attempting to re-establish connection.",
        "atmId": 7,
        "timestamp": "2024-03-05T17:15:00Z"
      },
      {
        "ejId": 8,
        "ejData": "System log rotated successfully. Old logs archived.",
        "atmId": 1,
        "timestamp": "2024-03-04T23:59:00Z"
      },
      {
        "ejId": 9,
        "ejData": "Scheduled maintenance completed. System rebooted and services restarted.",
        "atmId": 3,
        "timestamp": "2024-03-05T06:00:00Z"
      },
      {
        "ejId": 10,
        "ejData": "Security software detected suspicious activity. User attempted to access unauthorized functionality. Initiating investigation.",
        "atmId": 5,
        "timestamp": "2024-03-05T15:30:00Z"
      }
    ],
    "Event": [
      {
        "eventId": 1,
        "eventName": "Network Connectivity Issue",
        "eventLevel": "WARNING",
        "ejId": 1
      },
      {
        "eventId": 2,
        "eventName": "Software Update",
        "eventLevel": "INFO",
        "ejId": 2
      },
      {
        "eventId": 3,
        "eventName": "Cash Dispenser Malfunction",
        "eventLevel": "ERROR",
        "ejId": 3
      },
      {
        "eventId": 4,
        "eventName": "Paper Refill Required",
        "eventLevel": "INFO",
        "ejId": 4
      },
      {
        "eventId": 5,
        "eventName": "Card Reader Error",
        "eventLevel": "ERROR",
        "ejId": 5
      },
      {
        "eventId": 6,
        "eventName": "Application Error",
        "eventLevel": "ERROR",
        "ejId": 6
      },
      {
        "eventId": 7,
        "eventName": "ATM Communication Loss",
        "eventLevel": "CRITICAL",
        "ejId": 7
      },
      {
        "eventId": 8,
        "eventName": "System Log Rotation",
        "eventLevel": "INFO",
        "ejId": 8
      },
      {
        "eventId": 9,
        "eventName": "Scheduled Maintenance",
        "eventLevel": "INFO",
        "ejId": 9
      },
      {
        "eventId": 10,
        "eventName": "Suspicious Activity Detected",
        "eventLevel": "CRITICAL",
        "ejId": 10
      }
    ],
    "Transaction": [
      {
        "transactionId": 1,
        "transactionType": "Cash Withdrawal",
        "transactionDetail": "Account: 12345678, Amount: $200, ATM: 123",
        "ejId": 1
      },
      {
        "transactionId": 2,
        "transactionType": "Balance Inquiry",
        "transactionDetail": "Account: 87654321, ATM: 456",
        "ejId": 2
      },
      {
        "transactionId": 3,
        "transactionType": "Deposit",
        "transactionDetail": "Account: 98765432, Amount: $500, Bill denominations: 20x $20",
        "ejId": 3
      },
      {
        "transactionId": 4,
        "transactionType": "Transfer",
        "transactionDetail": "From account: 12345678, To account: 87654321, Amount: $100",
        "ejId": 4
      },
      {
        "transactionId": 5,
        "transactionType": "Card Payment",
        "transactionDetail": "Merchant: ABC Store, Amount: $35.78, Card number: XXXX-XXXX-XXXX-1234",
        "ejId": 5
      },
      {
        "transactionId": 6,
        "transactionType": "PIN Change",
        "ejId": 6
      },
      {
        "transactionId": 7,
        "transactionType": "Failed Transaction",
        "transactionDetail": "Reason: Insufficient funds, Account: 87654321, ATM: 234",
        "ejId": 7
      },
      {
        "transactionId": 8,
        "transactionType": "Account Lockout",
        "transactionDetail": "Reason: Invalid PIN attempts, Account: 12345678",
        "ejId": 8
      },
      {
        "transactionId": 9,
        "transactionType": "Service Request",
        "transactionDetail": "Request type: Mini statement, Account: 98765432",
        "ejId": 9
      },
      {
        "transactionId": 10,
        "transactionType": "System Maintenance",
        "transactionDetail": "Description: ATM software update",
        "ejId": 10
      }
    ]
}
